c:\users\llmik\source\repos\project5a_cs10b\project5a_cs10b\x64\debug\vc143.pdb
c:\users\llmik\source\repos\project5a_cs10b\project5a_cs10b\x64\debug\vc143.idb
c:\users\llmik\source\repos\project5a_cs10b\project5a_cs10b\x64\debug\demon.obj
c:\users\llmik\source\repos\project5a_cs10b\project5a_cs10b\x64\debug\cyberdemon.obj
c:\users\llmik\source\repos\project5a_cs10b\project5a_cs10b\x64\debug\creature.obj
c:\users\llmik\source\repos\project5a_cs10b\project5a_cs10b\x64\debug\client.obj
c:\users\llmik\source\repos\project5a_cs10b\project5a_cs10b\x64\debug\human.obj
c:\users\llmik\source\repos\project5a_cs10b\project5a_cs10b\x64\debug\elf.obj
c:\users\llmik\source\repos\project5a_cs10b\project5a_cs10b\x64\debug\balrog.obj
c:\users\llmik\source\repos\project5a_cs10b\project5a_cs10b\x64\debug\p5a.obj
c:\users\llmik\source\repos\project5a_cs10b\x64\debug\project5a_cs10b.pdb
c:\users\llmik\source\repos\project5a_cs10b\project5a_cs10b\x64\debug\project5a_cs10b.tlog\cl.command.1.tlog
c:\users\llmik\source\repos\project5a_cs10b\project5a_cs10b\x64\debug\project5a_cs10b.tlog\cl.items.tlog
c:\users\llmik\source\repos\project5a_cs10b\project5a_cs10b\x64\debug\project5a_cs10b.tlog\cl.read.1.tlog
c:\users\llmik\source\repos\project5a_cs10b\project5a_cs10b\x64\debug\project5a_cs10b.tlog\cl.write.1.tlog
c:\users\llmik\source\repos\project5a_cs10b\project5a_cs10b\x64\debug\project5a_cs10b.tlog\link-cvtres.read.1.tlog
c:\users\llmik\source\repos\project5a_cs10b\project5a_cs10b\x64\debug\project5a_cs10b.tlog\link-cvtres.write.1.tlog
c:\users\llmik\source\repos\project5a_cs10b\project5a_cs10b\x64\debug\project5a_cs10b.tlog\link-rc.read.1.tlog
c:\users\llmik\source\repos\project5a_cs10b\project5a_cs10b\x64\debug\project5a_cs10b.tlog\link-rc.write.1.tlog
c:\users\llmik\source\repos\project5a_cs10b\project5a_cs10b\x64\debug\project5a_cs10b.tlog\link.9432-cvtres.read.1.tlog
c:\users\llmik\source\repos\project5a_cs10b\project5a_cs10b\x64\debug\project5a_cs10b.tlog\link.9432-cvtres.write.1.tlog
c:\users\llmik\source\repos\project5a_cs10b\project5a_cs10b\x64\debug\project5a_cs10b.tlog\link.9432-rc.read.1.tlog
c:\users\llmik\source\repos\project5a_cs10b\project5a_cs10b\x64\debug\project5a_cs10b.tlog\link.9432-rc.write.1.tlog
c:\users\llmik\source\repos\project5a_cs10b\project5a_cs10b\x64\debug\project5a_cs10b.tlog\link.9432.read.1.tlog
c:\users\llmik\source\repos\project5a_cs10b\project5a_cs10b\x64\debug\project5a_cs10b.tlog\link.9432.read.2.tlog
c:\users\llmik\source\repos\project5a_cs10b\project5a_cs10b\x64\debug\project5a_cs10b.tlog\link.9432.write.1.tlog
c:\users\llmik\source\repos\project5a_cs10b\project5a_cs10b\x64\debug\project5a_cs10b.tlog\link.command.1.tlog
c:\users\llmik\source\repos\project5a_cs10b\project5a_cs10b\x64\debug\project5a_cs10b.tlog\link.read.1.tlog
c:\users\llmik\source\repos\project5a_cs10b\project5a_cs10b\x64\debug\project5a_cs10b.tlog\link.read.2.tlog
c:\users\llmik\source\repos\project5a_cs10b\project5a_cs10b\x64\debug\project5a_cs10b.tlog\link.write.1.tlog
